
*** Running vivado
    with args -log fir.vds -m64 -product Vivado -mode batch -messageDb vivado.pb -notrace -source fir.tcl


****** Vivado v2022.1 (64-bit)
  **** SW Build 3526262 on Mon Apr 18 15:47:01 MDT 2022
  **** IP Build 3524634 on Mon Apr 18 20:55:01 MDT 2022
    ** Copyright 1986-2022 Xilinx, Inc. All Rights Reserved.

source fir.tcl -notrace
Command: read_checkpoint -auto_incremental -incremental /home/ubuntu/xilinx_project/soc_lab3_ZCU106/soc_lab3_ZCU106.srcs/utils_1/imports/synth_1/fir.dcp
INFO: [Vivado 12-5825] Read reference checkpoint from /home/ubuntu/xilinx_project/soc_lab3_ZCU106/soc_lab3_ZCU106.srcs/utils_1/imports/synth_1/fir.dcp for incremental synthesis
INFO: [Vivado 12-7989] Please ensure there are no constraint changes
Command: synth_design -top fir -part xczu7ev-ffvc1156-2-e
Starting synth_design
Attempting to get a license for feature 'Synthesis' and/or device 'xczu7ev'
INFO: [Common 17-349] Got license for feature 'Synthesis' and/or device 'xczu7ev'
INFO: [Device 21-403] Loading part xczu7ev-ffvc1156-2-e
INFO: [Designutils 20-5440] No compile time benefit to using incremental synthesis; A full resynthesis will be run
INFO: [Designutils 20-4379] Flow is switching to default flow due to incremental criteria not met. If you would like to alter this behaviour and have the flow terminate instead, please set the following parameter config_implementation {autoIncr.Synth.RejectBehavior Terminate}
INFO: [Synth 8-7079] Multithreading enabled for synth_design using a maximum of 4 processes.
INFO: [Synth 8-7078] Launching helper process for spawning children vivado processes
INFO: [Synth 8-7075] Helper process launched with PID 153240
---------------------------------------------------------------------------------
Starting RTL Elaboration : Time (s): cpu = 00:00:02 ; elapsed = 00:00:02 . Memory (MB): peak = 3236.855 ; gain = 221.828 ; free physical = 5007 ; free virtual = 10785
---------------------------------------------------------------------------------
INFO: [Synth 8-6157] synthesizing module 'fir' [/home/ubuntu/SOC_LAB/caravel-soc_fpga-lab/lab-fir/fir/rtl/fir.v:3]
INFO: [Synth 8-155] case statement is not full and has no default [/home/ubuntu/SOC_LAB/caravel-soc_fpga-lab/lab-fir/fir/rtl/fir.v:122]
INFO: [Synth 8-155] case statement is not full and has no default [/home/ubuntu/SOC_LAB/caravel-soc_fpga-lab/lab-fir/fir/rtl/fir.v:129]
INFO: [Synth 8-6155] done synthesizing module 'fir' (0#1) [/home/ubuntu/SOC_LAB/caravel-soc_fpga-lab/lab-fir/fir/rtl/fir.v:3]
WARNING: [Synth 8-6014] Unused sequential element data_length_reg was removed.  [/home/ubuntu/SOC_LAB/caravel-soc_fpga-lab/lab-fir/fir/rtl/fir.v:164]
WARNING: [Synth 8-3917] design fir has port data_A[11] driven by constant 0
WARNING: [Synth 8-3917] design fir has port data_A[10] driven by constant 0
WARNING: [Synth 8-3917] design fir has port data_A[9] driven by constant 0
WARNING: [Synth 8-3917] design fir has port data_A[8] driven by constant 0
WARNING: [Synth 8-3917] design fir has port data_A[7] driven by constant 0
WARNING: [Synth 8-3917] design fir has port data_A[6] driven by constant 0
WARNING: [Synth 8-7129] Port ss_tlast in module fir is either unconnected or has no load
WARNING: [Synth 8-7129] Port sm_tready in module fir is either unconnected or has no load
---------------------------------------------------------------------------------
Finished RTL Elaboration : Time (s): cpu = 00:00:03 ; elapsed = 00:00:03 . Memory (MB): peak = 3298.793 ; gain = 283.766 ; free physical = 6038 ; free virtual = 11817
---------------------------------------------------------------------------------
---------------------------------------------------------------------------------
Start Handling Custom Attributes
---------------------------------------------------------------------------------
---------------------------------------------------------------------------------
Finished Handling Custom Attributes : Time (s): cpu = 00:00:03 ; elapsed = 00:00:03 . Memory (MB): peak = 3316.605 ; gain = 301.578 ; free physical = 6097 ; free virtual = 11876
---------------------------------------------------------------------------------
---------------------------------------------------------------------------------
Finished RTL Optimization Phase 1 : Time (s): cpu = 00:00:03 ; elapsed = 00:00:03 . Memory (MB): peak = 3316.605 ; gain = 301.578 ; free physical = 6097 ; free virtual = 11876
---------------------------------------------------------------------------------
Netlist sorting complete. Time (s): cpu = 00:00:00 ; elapsed = 00:00:00 . Memory (MB): peak = 3316.605 ; gain = 0.000 ; free physical = 6096 ; free virtual = 11875
INFO: [Project 1-570] Preparing netlist for logic optimization

Processing XDC Constraints
Initializing timing engine
Parsing XDC File [/home/ubuntu/xilinx_project/soc_lab3_ZCU106/soc_lab3_ZCU106.srcs/constrs_1/new/constraint.xdc]
WARNING: [Constraints 18-6211] Setting input delay on a clock pin 'axis_clk' relative to clock 'axis_clk' defined on the same pin is not supported, ignoring it [/home/ubuntu/xilinx_project/soc_lab3_ZCU106/soc_lab3_ZCU106.srcs/constrs_1/new/constraint.xdc:3]
INFO: [Vivado 12-2286] Implicit search of objects for pattern 'axis_clk' matched to 'port' objects. [/home/ubuntu/xilinx_project/soc_lab3_ZCU106/soc_lab3_ZCU106.srcs/constrs_1/new/constraint.xdc:6]
Resolution: To avoid ambiguous patterns, provide proper objects using get commands e.g. [get_nets xyz].
WARNING: [Constraints 18-6211] Setting input delay on a clock pin 'axis_clk' relative to clock 'axis_clk' defined on the same pin is not supported, ignoring it [/home/ubuntu/xilinx_project/soc_lab3_ZCU106/soc_lab3_ZCU106.srcs/constrs_1/new/constraint.xdc:6]
INFO: [Vivado 12-2286] Implicit search of objects for pattern 'axis_rst_n' matched to 'port' objects. [/home/ubuntu/xilinx_project/soc_lab3_ZCU106/soc_lab3_ZCU106.srcs/constrs_1/new/constraint.xdc:7]
Resolution: To avoid ambiguous patterns, provide proper objects using get commands e.g. [get_nets xyz].
Finished Parsing XDC File [/home/ubuntu/xilinx_project/soc_lab3_ZCU106/soc_lab3_ZCU106.srcs/constrs_1/new/constraint.xdc]
Completed Processing XDC Constraints

Netlist sorting complete. Time (s): cpu = 00:00:00 ; elapsed = 00:00:00 . Memory (MB): peak = 3486.293 ; gain = 0.000 ; free physical = 6011 ; free virtual = 11789
INFO: [Project 1-111] Unisim Transformation Summary:
No Unisim elements were transformed.

Constraint Validation Runtime : Time (s): cpu = 00:00:00.01 ; elapsed = 00:00:00 . Memory (MB): peak = 3486.293 ; gain = 0.000 ; free physical = 6011 ; free virtual = 11789
INFO: [Designutils 20-5440] No compile time benefit to using incremental synthesis; A full resynthesis will be run
INFO: [Designutils 20-4379] Flow is switching to default flow due to incremental criteria not met. If you would like to alter this behaviour and have the flow terminate instead, please set the following parameter config_implementation {autoIncr.Synth.RejectBehavior Terminate}
---------------------------------------------------------------------------------
Finished Constraint Validation : Time (s): cpu = 00:00:08 ; elapsed = 00:00:09 . Memory (MB): peak = 3486.293 ; gain = 471.266 ; free physical = 6097 ; free virtual = 11876
---------------------------------------------------------------------------------
---------------------------------------------------------------------------------
Start Loading Part and Timing Information
---------------------------------------------------------------------------------
Loading part: xczu7ev-ffvc1156-2-e
INFO: [Synth 8-6742] Reading net delay rules and data
---------------------------------------------------------------------------------
Finished Loading Part and Timing Information : Time (s): cpu = 00:00:08 ; elapsed = 00:00:09 . Memory (MB): peak = 3486.293 ; gain = 471.266 ; free physical = 6097 ; free virtual = 11876
---------------------------------------------------------------------------------
---------------------------------------------------------------------------------
Start Applying 'set_property' XDC Constraints
---------------------------------------------------------------------------------
---------------------------------------------------------------------------------
Finished applying 'set_property' XDC Constraints : Time (s): cpu = 00:00:08 ; elapsed = 00:00:09 . Memory (MB): peak = 3486.293 ; gain = 471.266 ; free physical = 6097 ; free virtual = 11876
---------------------------------------------------------------------------------
INFO: [Synth 8-802] inferred FSM for state register 'axilr_c_state_reg' in module 'fir'
INFO: [Synth 8-802] inferred FSM for state register 'axilw_c_state_reg' in module 'fir'
---------------------------------------------------------------------------------------------------
                   State |                     New Encoding |                Previous Encoding 
---------------------------------------------------------------------------------------------------
              AXILW_IDLE |                              001 |                               00
                 AXILW_A |                              010 |                               01
                 AXILW_D |                              100 |                               10
---------------------------------------------------------------------------------------------------
INFO: [Synth 8-3354] encoded FSM with state register 'axilw_c_state_reg' using encoding 'one-hot' in module 'fir'
---------------------------------------------------------------------------------------------------
                   State |                     New Encoding |                Previous Encoding 
---------------------------------------------------------------------------------------------------
              AXILR_IDLE |                              001 |                               00
                 AXILR_A |                              010 |                               01
                 AXILR_D |                              100 |                               10
---------------------------------------------------------------------------------------------------
INFO: [Synth 8-3354] encoded FSM with state register 'axilr_c_state_reg' using encoding 'one-hot' in module 'fir'
---------------------------------------------------------------------------------
Finished RTL Optimization Phase 2 : Time (s): cpu = 00:00:09 ; elapsed = 00:00:09 . Memory (MB): peak = 3486.293 ; gain = 471.266 ; free physical = 6086 ; free virtual = 11866
---------------------------------------------------------------------------------
---------------------------------------------------------------------------------
Start RTL Component Statistics 
---------------------------------------------------------------------------------
Detailed RTL Component Info : 
+---Adders : 
	   2 Input   12 Bit       Adders := 2     
	   2 Input   10 Bit       Adders := 1     
	   2 Input    4 Bit       Adders := 3     
+---Registers : 
	               12 Bit    Registers := 1     
	               10 Bit    Registers := 1     
	                4 Bit    Registers := 4     
	                1 Bit    Registers := 7     
+---Multipliers : 
	              32x32  Multipliers := 1     
+---Muxes : 
	   2 Input   32 Bit        Muxes := 5     
	   2 Input   12 Bit        Muxes := 3     
	   2 Input   10 Bit        Muxes := 1     
	   2 Input    6 Bit        Muxes := 3     
	   2 Input    4 Bit        Muxes := 7     
	   3 Input    3 Bit        Muxes := 1     
	   2 Input    3 Bit        Muxes := 3     
	   2 Input    2 Bit        Muxes := 3     
	   3 Input    2 Bit        Muxes := 1     
	   3 Input    1 Bit        Muxes := 2     
	   2 Input    1 Bit        Muxes := 14    
	  14 Input    1 Bit        Muxes := 1     
---------------------------------------------------------------------------------
Finished RTL Component Statistics 
---------------------------------------------------------------------------------
---------------------------------------------------------------------------------
Start Part Resource Summary
---------------------------------------------------------------------------------
Part Resources:
DSPs: 1728 (col length:144)
BRAMs: 624 (col length: RAMB18 144 RAMB36 72)
---------------------------------------------------------------------------------
Finished Part Resource Summary
---------------------------------------------------------------------------------
---------------------------------------------------------------------------------
Start Cross Boundary and Area Optimization
---------------------------------------------------------------------------------
WARNING: [Synth 8-7080] Parallel synthesis criteria is not met
DSP Report: Generating DSP mac_n1, operation Mode is: A*B.
DSP Report: operator mac_n1 is absorbed into DSP mac_n1.
DSP Report: operator mac_n1 is absorbed into DSP mac_n1.
DSP Report: Generating DSP mac_n1, operation Mode is: (PCIN>>17)+A*B.
DSP Report: operator mac_n1 is absorbed into DSP mac_n1.
DSP Report: operator mac_n1 is absorbed into DSP mac_n1.
DSP Report: Generating DSP mac_n1, operation Mode is: A*B.
DSP Report: operator mac_n1 is absorbed into DSP mac_n1.
DSP Report: operator mac_n1 is absorbed into DSP mac_n1.
DSP Report: Generating DSP mac_n1, operation Mode is: (PCIN>>17)+A*B.
DSP Report: operator mac_n1 is absorbed into DSP mac_n1.
DSP Report: operator mac_n1 is absorbed into DSP mac_n1.
WARNING: [Synth 8-3917] design fir has port data_A[11] driven by constant 0
WARNING: [Synth 8-3917] design fir has port data_A[10] driven by constant 0
WARNING: [Synth 8-3917] design fir has port data_A[9] driven by constant 0
WARNING: [Synth 8-3917] design fir has port data_A[8] driven by constant 0
WARNING: [Synth 8-3917] design fir has port data_A[7] driven by constant 0
WARNING: [Synth 8-3917] design fir has port data_A[6] driven by constant 0
WARNING: [Synth 8-3917] design fir has port data_A[1] driven by constant 0
WARNING: [Synth 8-3917] design fir has port data_A[0] driven by constant 0
WARNING: [Synth 8-7129] Port ss_tlast in module fir is either unconnected or has no load
WARNING: [Synth 8-7129] Port sm_tready in module fir is either unconnected or has no load
---------------------------------------------------------------------------------
Finished Cross Boundary and Area Optimization : Time (s): cpu = 00:00:10 ; elapsed = 00:00:10 . Memory (MB): peak = 3486.293 ; gain = 471.266 ; free physical = 6075 ; free virtual = 11859
---------------------------------------------------------------------------------
---------------------------------------------------------------------------------
Start ROM, RAM, DSP, Shift Register and Retiming Reporting
---------------------------------------------------------------------------------

DSP: Preliminary Mapping Report (see note below. The ' indicates corresponding REG is set)
+------------+----------------+--------+--------+--------+--------+--------+------+------+------+------+-------+------+------+
|Module Name | DSP Mapping    | A Size | B Size | C Size | D Size | P Size | AREG | BREG | CREG | DREG | ADREG | MREG | PREG | 
+------------+----------------+--------+--------+--------+--------+--------+------+------+------+------+-------+------+------+
|fir         | A*B            | 18     | 16     | -      | -      | 48     | 0    | 0    | -    | -    | -     | 0    | 0    | 
|fir         | (PCIN>>17)+A*B | 16     | 16     | -      | -      | 48     | 0    | 0    | -    | -    | -     | 0    | 0    | 
|fir         | A*B            | 18     | 18     | -      | -      | 48     | 0    | 0    | -    | -    | -     | 0    | 0    | 
|fir         | (PCIN>>17)+A*B | 18     | 16     | -      | -      | 48     | 0    | 0    | -    | -    | -     | 0    | 0    | 
+------------+----------------+--------+--------+--------+--------+--------+------+------+------+------+-------+------+------+

Note: The table above is a preliminary report that shows the DSPs inferred at the current stage of the synthesis flow. Some DSP may be reimplemented as non DSP primitives later in the synthesis flow. Multiple instantiated DSPs are reported only once.
---------------------------------------------------------------------------------
Finished ROM, RAM, DSP, Shift Register and Retiming Reporting
---------------------------------------------------------------------------------
---------------------------------------------------------------------------------
Start Applying XDC Timing Constraints
---------------------------------------------------------------------------------
---------------------------------------------------------------------------------
Finished Applying XDC Timing Constraints : Time (s): cpu = 00:00:16 ; elapsed = 00:00:18 . Memory (MB): peak = 3849.473 ; gain = 834.445 ; free physical = 5480 ; free virtual = 11263
---------------------------------------------------------------------------------
---------------------------------------------------------------------------------
Start Timing Optimization
---------------------------------------------------------------------------------
---------------------------------------------------------------------------------
Finished Timing Optimization : Time (s): cpu = 00:00:17 ; elapsed = 00:00:18 . Memory (MB): peak = 3857.480 ; gain = 842.453 ; free physical = 5472 ; free virtual = 11255
---------------------------------------------------------------------------------
---------------------------------------------------------------------------------
Start Technology Mapping
---------------------------------------------------------------------------------
---------------------------------------------------------------------------------
Finished Technology Mapping : Time (s): cpu = 00:00:17 ; elapsed = 00:00:18 . Memory (MB): peak = 3865.488 ; gain = 850.461 ; free physical = 5460 ; free virtual = 11243
---------------------------------------------------------------------------------
---------------------------------------------------------------------------------
Start IO Insertion
---------------------------------------------------------------------------------
---------------------------------------------------------------------------------
Start Flattening Before IO Insertion
---------------------------------------------------------------------------------
---------------------------------------------------------------------------------
Finished Flattening Before IO Insertion
---------------------------------------------------------------------------------
---------------------------------------------------------------------------------
Start Final Netlist Cleanup
---------------------------------------------------------------------------------
---------------------------------------------------------------------------------
Finished Final Netlist Cleanup
---------------------------------------------------------------------------------
---------------------------------------------------------------------------------
Finished IO Insertion : Time (s): cpu = 00:00:19 ; elapsed = 00:00:20 . Memory (MB): peak = 3865.488 ; gain = 850.461 ; free physical = 5460 ; free virtual = 11243
---------------------------------------------------------------------------------
---------------------------------------------------------------------------------
Start Renaming Generated Instances
---------------------------------------------------------------------------------
---------------------------------------------------------------------------------
Finished Renaming Generated Instances : Time (s): cpu = 00:00:19 ; elapsed = 00:00:20 . Memory (MB): peak = 3865.488 ; gain = 850.461 ; free physical = 5460 ; free virtual = 11243
---------------------------------------------------------------------------------
---------------------------------------------------------------------------------
Start Rebuilding User Hierarchy
---------------------------------------------------------------------------------
---------------------------------------------------------------------------------
Finished Rebuilding User Hierarchy : Time (s): cpu = 00:00:19 ; elapsed = 00:00:20 . Memory (MB): peak = 3865.488 ; gain = 850.461 ; free physical = 5460 ; free virtual = 11243
---------------------------------------------------------------------------------
---------------------------------------------------------------------------------
Start Renaming Generated Ports
---------------------------------------------------------------------------------
---------------------------------------------------------------------------------
Finished Renaming Generated Ports : Time (s): cpu = 00:00:19 ; elapsed = 00:00:20 . Memory (MB): peak = 3865.488 ; gain = 850.461 ; free physical = 5460 ; free virtual = 11243
---------------------------------------------------------------------------------
---------------------------------------------------------------------------------
Start Handling Custom Attributes
---------------------------------------------------------------------------------
---------------------------------------------------------------------------------
Finished Handling Custom Attributes : Time (s): cpu = 00:00:19 ; elapsed = 00:00:20 . Memory (MB): peak = 3865.488 ; gain = 850.461 ; free physical = 5460 ; free virtual = 11243
---------------------------------------------------------------------------------
---------------------------------------------------------------------------------
Start Renaming Generated Nets
---------------------------------------------------------------------------------
---------------------------------------------------------------------------------
Finished Renaming Generated Nets : Time (s): cpu = 00:00:19 ; elapsed = 00:00:20 . Memory (MB): peak = 3865.488 ; gain = 850.461 ; free physical = 5460 ; free virtual = 11243
---------------------------------------------------------------------------------
---------------------------------------------------------------------------------
Start Writing Synthesis Report
---------------------------------------------------------------------------------

DSP Final Report (the ' indicates corresponding REG is set)
+------------+--------------+--------+--------+--------+--------+--------+------+------+------+------+-------+------+------+
|Module Name | DSP Mapping  | A Size | B Size | C Size | D Size | P Size | AREG | BREG | CREG | DREG | ADREG | MREG | PREG | 
+------------+--------------+--------+--------+--------+--------+--------+------+------+------+------+-------+------+------+
|fir         | A*B          | 17     | 15     | -      | -      | 48     | 0    | 0    | -    | -    | -     | 0    | 0    | 
|fir         | A*B          | 17     | 17     | -      | -      | 48     | 0    | 0    | -    | -    | -     | 0    | 0    | 
|fir         | PCIN>>17+A*B | 17     | 15     | -      | -      | 48     | 0    | 0    | -    | -    | -     | 0    | 0    | 
+------------+--------------+--------+--------+--------+--------+--------+------+------+------+------+-------+------+------+


Report BlackBoxes: 
+-+--------------+----------+
| |BlackBox name |Instances |
+-+--------------+----------+
+-+--------------+----------+

Report Cell Usage: 
+------+----------------+------+
|      |Cell            |Count |
+------+----------------+------+
|1     |BUFG            |     1|
|2     |CARRY8          |     6|
|3     |DSP_ALU         |     3|
|4     |DSP_A_B_DATA    |     3|
|5     |DSP_C_DATA      |     3|
|6     |DSP_MULTIPLIER  |     3|
|7     |DSP_M_DATA      |     3|
|8     |DSP_OUTPUT      |     3|
|9     |DSP_PREADD      |     3|
|10    |DSP_PREADD_DATA |     3|
|11    |LUT1            |     1|
|12    |LUT2            |    83|
|13    |LUT3            |    68|
|14    |LUT4            |    64|
|15    |LUT5            |    29|
|16    |LUT6            |    37|
|17    |FDCE            |    78|
|18    |FDPE            |     5|
|19    |IBUF            |   159|
|20    |OBUF            |   169|
+------+----------------+------+
---------------------------------------------------------------------------------
Finished Writing Synthesis Report : Time (s): cpu = 00:00:19 ; elapsed = 00:00:20 . Memory (MB): peak = 3865.488 ; gain = 850.461 ; free physical = 5460 ; free virtual = 11243
---------------------------------------------------------------------------------
Synthesis finished with 0 errors, 0 critical warnings and 11 warnings.
Synthesis Optimization Runtime : Time (s): cpu = 00:00:16 ; elapsed = 00:00:17 . Memory (MB): peak = 3865.488 ; gain = 680.773 ; free physical = 5509 ; free virtual = 11293
Synthesis Optimization Complete : Time (s): cpu = 00:00:19 ; elapsed = 00:00:20 . Memory (MB): peak = 3865.496 ; gain = 850.461 ; free physical = 5509 ; free virtual = 11293
INFO: [Project 1-571] Translating synthesized netlist
Netlist sorting complete. Time (s): cpu = 00:00:00 ; elapsed = 00:00:00 . Memory (MB): peak = 3877.457 ; gain = 0.000 ; free physical = 5600 ; free virtual = 11383
INFO: [Netlist 29-17] Analyzing 169 Unisim elements for replacement
INFO: [Netlist 29-28] Unisim Transformation completed in 0 CPU seconds
INFO: [Project 1-570] Preparing netlist for logic optimization
INFO: [Opt 31-138] Pushed 0 inverter(s) to 0 load pin(s).
Netlist sorting complete. Time (s): cpu = 00:00:00 ; elapsed = 00:00:00 . Memory (MB): peak = 3934.254 ; gain = 0.000 ; free physical = 5528 ; free virtual = 11312
INFO: [Project 1-111] Unisim Transformation Summary:
  A total of 163 instances were transformed.
  BUFG => BUFGCE: 1 instance 
  DSP48E2 => DSP48E2 (DSP_ALU, DSP_A_B_DATA, DSP_C_DATA, DSP_MULTIPLIER, DSP_M_DATA, DSP_OUTPUT, DSP_PREADD, DSP_PREADD_DATA): 3 instances
  IBUF => IBUF (IBUFCTRL, INBUF): 159 instances

Synth Design complete, checksum: e531ab3b
INFO: [Common 17-83] Releasing license: Synthesis
31 Infos, 22 Warnings, 0 Critical Warnings and 0 Errors encountered.
synth_design completed successfully
synth_design: Time (s): cpu = 00:00:25 ; elapsed = 00:00:24 . Memory (MB): peak = 3934.254 ; gain = 1031.227 ; free physical = 5738 ; free virtual = 11522
INFO: [Common 17-1381] The checkpoint '/home/ubuntu/xilinx_project/soc_lab3_ZCU106/soc_lab3_ZCU106.runs/synth_1/fir.dcp' has been generated.
INFO: [runtcl-4] Executing : report_utilization -file fir_utilization_synth.rpt -pb fir_utilization_synth.pb
INFO: [Common 17-206] Exiting Vivado at Thu Oct 19 03:08:40 2023...
